{"contracts/Migrations.sol":{"l":{"34":0,"35":0,"42":0,"53":0,"54":0,"59":0,"61":0,"70":0,"71":0,"73":0,"80":0,"81":0,"100":0,"101":0,"116":0,"123":0,"125":0,"126":0,"129":0},"path":"/mnt/c/Users/user/Documents/Cyfrin/RemitXpress/contracts/contracts/Migrations.sol","s":{"1":0,"2":0,"3":0,"4":0,"5":0,"6":0,"7":0,"8":0,"9":0,"10":0,"11":0},"b":{"1":[0,0],"2":[0,0],"3":[0,0],"4":[0,0],"5":[0,0]},"f":{"1":0,"2":0,"3":0,"4":0,"5":0,"6":0,"7":0},"fnMap":{"1":{"name":"constructor","line":33,"loc":{"start":{"line":33,"column":4},"end":{"line":36,"column":4}}},"2":{"name":"setCompleted","line":41,"loc":{"start":{"line":41,"column":4},"end":{"line":43,"column":4}}},"3":{"name":"recordMigration","line":52,"loc":{"start":{"line":48,"column":4},"end":{"line":74,"column":4}}},"4":{"name":"upgrade","line":79,"loc":{"start":{"line":79,"column":4},"end":{"line":82,"column":4}}},"5":{"name":"getMigration","line":87,"loc":{"start":{"line":87,"column":4},"end":{"line":108,"column":4}}},"6":{"name":"isContractDeployed","line":113,"loc":{"start":{"line":113,"column":4},"end":{"line":117,"column":4}}},"7":{"name":"getAllMigrations","line":122,"loc":{"start":{"line":122,"column":4},"end":{"line":130,"column":4}}}},"statementMap":{"1":{"start":{"line":53,"column":8},"end":{"line":53,"column":73}},"2":{"start":{"line":54,"column":8},"end":{"line":54,"column":1429}},"3":{"start":{"line":73,"column":8},"end":{"line":73,"column":78}},"4":{"start":{"line":80,"column":8},"end":{"line":80,"column":52}},"5":{"start":{"line":81,"column":8},"end":{"line":81,"column":52}},"6":{"start":{"line":100,"column":8},"end":{"line":100,"column":60}},"7":{"start":{"line":101,"column":8},"end":{"line":101,"column":2729}},"8":{"start":{"line":116,"column":8},"end":{"line":116,"column":49}},"9":{"start":{"line":123,"column":8},"end":{"line":123,"column":74}},"10":{"start":{"line":125,"column":8},"end":{"line":125,"column":3373}},"11":{"start":{"line":129,"column":8},"end":{"line":129,"column":28}}},"branchMap":{"1":{"line":41,"type":"if","locations":[{"start":{"line":41,"column":52},"end":{"line":41,"column":52}},{"start":{"line":41,"column":52},"end":{"line":41,"column":52}}]},"2":{"line":52,"type":"if","locations":[{"start":{"line":52,"column":13},"end":{"line":52,"column":13}},{"start":{"line":52,"column":13},"end":{"line":52,"column":13}}]},"3":{"line":53,"type":"if","locations":[{"start":{"line":53,"column":8},"end":{"line":53,"column":8}},{"start":{"line":53,"column":8},"end":{"line":53,"column":8}}]},"4":{"line":54,"type":"if","locations":[{"start":{"line":54,"column":8},"end":{"line":54,"column":8}},{"start":{"line":54,"column":8},"end":{"line":54,"column":8}}]},"5":{"line":79,"type":"if","locations":[{"start":{"line":79,"column":48},"end":{"line":79,"column":48}},{"start":{"line":79,"column":48},"end":{"line":79,"column":48}}]}}},"contracts/PriceConverter.sol":{"l":{"55":60,"56":28,"60":0,"65":0,"70":17,"71":17,"72":17,"73":17,"74":17,"75":17,"76":17,"77":17,"78":17,"79":17,"82":17,"89":8,"96":1,"97":1,"100":1,"101":11,"104":1,"105":1,"106":1,"110":1,"121":10,"123":9,"126":9,"127":5,"128":5,"132":5,"138":9,"144":9,"145":4,"146":4,"149":9,"165":0,"171":0,"172":0,"194":3,"195":1,"198":2,"199":2,"200":1,"202":1,"203":1,"208":1,"218":2,"219":2,"220":2,"231":1,"242":0,"244":0,"245":0,"246":0,"250":0,"258":0,"265":1,"272":1,"278":178,"279":177,"280":177,"281":177,"288":64,"296":17,"297":17,"302":17,"303":17,"306":17,"307":17,"312":17,"313":17,"316":17,"317":17,"322":17,"323":17},"path":"/mnt/c/Users/user/Documents/Cyfrin/RemitXpress/contracts/contracts/PriceConverter.sol","s":{"1":30,"2":0,"3":17,"4":17,"5":17,"6":17,"7":17,"8":17,"9":17,"10":17,"11":17,"12":17,"13":17,"14":8,"15":1,"16":1,"17":11,"18":1,"19":1,"20":10,"21":9,"22":9,"23":5,"24":5,"25":5,"26":9,"27":4,"28":9,"29":0,"30":0,"31":0,"32":3,"33":1,"34":2,"35":2,"36":1,"37":1,"38":1,"39":1,"40":2,"41":2,"42":2,"43":1,"44":0,"45":0,"46":0,"47":0,"48":0,"49":1,"50":1,"51":178,"52":177,"53":177,"54":64,"55":17,"56":17,"57":17,"58":17,"59":17,"60":17},"b":{"1":[29,16],"2":[0,0],"3":[8,1],"4":[1,0],"5":[1,0],"6":[1,10],"7":[11,1],"8":[11,0],"9":[10,1],"10":[9,1],"11":[5,4],"12":[0,5],"13":[5,0],"14":[4,5],"15":[0,0],"16":[0,0],"17":[4,0],"18":[3,1],"19":[1,2],"20":[1,1],"21":[1,0],"22":[1,0],"23":[1,1],"24":[1,0],"25":[177,1]},"f":{"1":75,"2":0,"3":17,"4":8,"5":1,"6":10,"7":0,"8":3,"9":2,"10":1,"11":0,"12":1,"13":1,"14":178,"15":64,"16":17},"fnMap":{"1":{"name":"validCurrency","line":54,"loc":{"start":{"line":54,"column":4},"end":{"line":57,"column":4}}},"2":{"name":"rateFreshness","line":59,"loc":{"start":{"line":59,"column":4},"end":{"line":66,"column":4}}},"3":{"name":"constructor","line":68,"loc":{"start":{"line":68,"column":4},"end":{"line":83,"column":4}}},"4":{"name":"addCurrency","line":88,"loc":{"start":{"line":88,"column":4},"end":{"line":90,"column":4}}},"5":{"name":"removeCurrency","line":95,"loc":{"start":{"line":95,"column":4},"end":{"line":111,"column":4}}},"6":{"name":"updateExchangeRate","line":120,"loc":{"start":{"line":116,"column":4},"end":{"line":155,"column":4}}},"7":{"name":"batchUpdateRates","line":164,"loc":{"start":{"line":160,"column":4},"end":{"line":178,"column":4}}},"8":{"name":"convertCurrency","line":191,"loc":{"start":{"line":183,"column":4},"end":{"line":209,"column":4}}},"9":{"name":"getExchangeRate","line":214,"loc":{"start":{"line":214,"column":4},"end":{"line":225,"column":4}}},"10":{"name":"getSupportedCurrencies","line":230,"loc":{"start":{"line":230,"column":4},"end":{"line":232,"column":4}}},"11":{"name":"getAllCurrencyPairs","line":237,"loc":{"start":{"line":237,"column":4},"end":{"line":259,"column":4}}},"12":{"name":"pause","line":264,"loc":{"start":{"line":264,"column":4},"end":{"line":266,"column":4}}},"13":{"name":"unpause","line":271,"loc":{"start":{"line":271,"column":4},"end":{"line":273,"column":4}}},"14":{"name":"_addCurrency","line":277,"loc":{"start":{"line":277,"column":4},"end":{"line":282,"column":4}}},"15":{"name":"_getCurrencyPairHash","line":284,"loc":{"start":{"line":284,"column":4},"end":{"line":289,"column":4}}},"16":{"name":"_setInitialRates","line":291,"loc":{"start":{"line":291,"column":4},"end":{"line":324,"column":4}}}},"statementMap":{"1":{"start":{"line":55,"column":8},"end":{"line":55,"column":71}},"2":{"start":{"line":60,"column":8},"end":{"line":60,"column":1819}},"3":{"start":{"line":70,"column":8},"end":{"line":70,"column":26}},"4":{"start":{"line":71,"column":8},"end":{"line":71,"column":26}},"5":{"start":{"line":72,"column":8},"end":{"line":72,"column":26}},"6":{"start":{"line":73,"column":8},"end":{"line":73,"column":26}},"7":{"start":{"line":74,"column":8},"end":{"line":74,"column":26}},"8":{"start":{"line":75,"column":8},"end":{"line":75,"column":26}},"9":{"start":{"line":76,"column":8},"end":{"line":76,"column":26}},"10":{"start":{"line":77,"column":8},"end":{"line":77,"column":26}},"11":{"start":{"line":78,"column":8},"end":{"line":78,"column":26}},"12":{"start":{"line":79,"column":8},"end":{"line":79,"column":26}},"13":{"start":{"line":82,"column":8},"end":{"line":82,"column":25}},"14":{"start":{"line":89,"column":8},"end":{"line":89,"column":29}},"15":{"start":{"line":96,"column":8},"end":{"line":96,"column":67}},"16":{"start":{"line":100,"column":8},"end":{"line":100,"column":2939}},"17":{"start":{"line":101,"column":12},"end":{"line":101,"column":3004}},"18":{"start":{"line":105,"column":16},"end":{"line":105,"column":33}},"19":{"start":{"line":110,"column":8},"end":{"line":110,"column":38}},"20":{"start":{"line":121,"column":8},"end":{"line":121,"column":58}},"21":{"start":{"line":123,"column":8},"end":{"line":123,"column":73}},"22":{"start":{"line":126,"column":8},"end":{"line":126,"column":3798}},"23":{"start":{"line":127,"column":12},"end":{"line":127,"column":58}},"24":{"start":{"line":128,"column":12},"end":{"line":128,"column":3947}},"25":{"start":{"line":132,"column":12},"end":{"line":132,"column":4070}},"26":{"start":{"line":144,"column":8},"end":{"line":144,"column":4361}},"27":{"start":{"line":145,"column":12},"end":{"line":145,"column":39}},"28":{"start":{"line":149,"column":8},"end":{"line":149,"column":4493}},"29":{"start":{"line":165,"column":8},"end":{"line":165,"column":4875}},"30":{"start":{"line":171,"column":8},"end":{"line":171,"column":5056}},"31":{"start":{"line":172,"column":12},"end":{"line":172,"column":5123}},"32":{"start":{"line":194,"column":8},"end":{"line":194,"column":5610}},"33":{"start":{"line":195,"column":12},"end":{"line":195,"column":25}},"34":{"start":{"line":198,"column":8},"end":{"line":198,"column":73}},"35":{"start":{"line":199,"column":8},"end":{"line":199,"column":63}},"36":{"start":{"line":200,"column":8},"end":{"line":200,"column":76}},"37":{"start":{"line":202,"column":8},"end":{"line":202,"column":58}},"38":{"start":{"line":203,"column":8},"end":{"line":203,"column":6024}},"39":{"start":{"line":208,"column":8},"end":{"line":208,"column":42}},"40":{"start":{"line":218,"column":8},"end":{"line":218,"column":73}},"41":{"start":{"line":219,"column":8},"end":{"line":219,"column":66}},"42":{"start":{"line":220,"column":8},"end":{"line":220,"column":6603}},"43":{"start":{"line":231,"column":8},"end":{"line":231,"column":27}},"44":{"start":{"line":242,"column":8},"end":{"line":242,"column":78}},"45":{"start":{"line":244,"column":8},"end":{"line":244,"column":7156}},"46":{"start":{"line":245,"column":12},"end":{"line":245,"column":47}},"47":{"start":{"line":246,"column":12},"end":{"line":246,"column":62}},"48":{"start":{"line":258,"column":8},"end":{"line":258,"column":20}},"49":{"start":{"line":265,"column":8},"end":{"line":265,"column":15}},"50":{"start":{"line":272,"column":8},"end":{"line":272,"column":17}},"51":{"start":{"line":278,"column":8},"end":{"line":278,"column":76}},"52":{"start":{"line":280,"column":8},"end":{"line":280,"column":34}},"53":{"start":{"line":281,"column":8},"end":{"line":281,"column":36}},"54":{"start":{"line":288,"column":8},"end":{"line":288,"column":73}},"55":{"start":{"line":296,"column":8},"end":{"line":296,"column":63}},"56":{"start":{"line":302,"column":8},"end":{"line":302,"column":37}},"57":{"start":{"line":306,"column":8},"end":{"line":306,"column":63}},"58":{"start":{"line":312,"column":8},"end":{"line":312,"column":37}},"59":{"start":{"line":316,"column":8},"end":{"line":316,"column":63}},"60":{"start":{"line":322,"column":8},"end":{"line":322,"column":37}}},"branchMap":{"1":{"line":55,"type":"if","locations":[{"start":{"line":55,"column":8},"end":{"line":55,"column":8}},{"start":{"line":55,"column":8},"end":{"line":55,"column":8}}]},"2":{"line":60,"type":"if","locations":[{"start":{"line":60,"column":8},"end":{"line":60,"column":8}},{"start":{"line":60,"column":8},"end":{"line":60,"column":8}}]},"3":{"line":88,"type":"if","locations":[{"start":{"line":88,"column":58},"end":{"line":88,"column":58}},{"start":{"line":88,"column":58},"end":{"line":88,"column":58}}]},"4":{"line":95,"type":"if","locations":[{"start":{"line":95,"column":61},"end":{"line":95,"column":61}},{"start":{"line":95,"column":61},"end":{"line":95,"column":61}}]},"5":{"line":96,"type":"if","locations":[{"start":{"line":96,"column":8},"end":{"line":96,"column":8}},{"start":{"line":96,"column":8},"end":{"line":96,"column":8}}]},"6":{"line":101,"type":"if","locations":[{"start":{"line":101,"column":12},"end":{"line":101,"column":12}},{"start":{"line":101,"column":12},"end":{"line":101,"column":12}}]},"7":{"line":120,"type":"if","locations":[{"start":{"line":120,"column":15},"end":{"line":120,"column":15}},{"start":{"line":120,"column":15},"end":{"line":120,"column":15}}]},"8":{"line":120,"type":"if","locations":[{"start":{"line":120,"column":25},"end":{"line":120,"column":25}},{"start":{"line":120,"column":25},"end":{"line":120,"column":25}}]},"9":{"line":120,"type":"if","locations":[{"start":{"line":120,"column":53},"end":{"line":120,"column":53}},{"start":{"line":120,"column":53},"end":{"line":120,"column":53}}]},"10":{"line":121,"type":"if","locations":[{"start":{"line":121,"column":8},"end":{"line":121,"column":8}},{"start":{"line":121,"column":8},"end":{"line":121,"column":8}}]},"11":{"line":126,"type":"if","locations":[{"start":{"line":126,"column":8},"end":{"line":126,"column":8}},{"start":{"line":126,"column":8},"end":{"line":126,"column":8}}]},"12":{"line":129,"type":"if","locations":[{"start":{"line":129,"column":18},"end":{"line":129,"column":56}},{"start":{"line":130,"column":18},"end":{"line":130,"column":56}}]},"13":{"line":132,"type":"if","locations":[{"start":{"line":132,"column":12},"end":{"line":132,"column":12}},{"start":{"line":132,"column":12},"end":{"line":132,"column":12}}]},"14":{"line":144,"type":"if","locations":[{"start":{"line":144,"column":8},"end":{"line":144,"column":8}},{"start":{"line":144,"column":8},"end":{"line":144,"column":8}}]},"15":{"line":164,"type":"if","locations":[{"start":{"line":164,"column":15},"end":{"line":164,"column":15}},{"start":{"line":164,"column":15},"end":{"line":164,"column":15}}]},"16":{"line":165,"type":"if","locations":[{"start":{"line":165,"column":8},"end":{"line":165,"column":8}},{"start":{"line":165,"column":8},"end":{"line":165,"column":8}}]},"17":{"line":190,"type":"if","locations":[{"start":{"line":190,"column":8},"end":{"line":190,"column":8}},{"start":{"line":190,"column":8},"end":{"line":190,"column":8}}]},"18":{"line":191,"type":"if","locations":[{"start":{"line":191,"column":8},"end":{"line":191,"column":8}},{"start":{"line":191,"column":8},"end":{"line":191,"column":8}}]},"19":{"line":194,"type":"if","locations":[{"start":{"line":194,"column":8},"end":{"line":194,"column":8}},{"start":{"line":194,"column":8},"end":{"line":194,"column":8}}]},"20":{"line":199,"type":"if","locations":[{"start":{"line":199,"column":8},"end":{"line":199,"column":8}},{"start":{"line":199,"column":8},"end":{"line":199,"column":8}}]},"21":{"line":200,"type":"if","locations":[{"start":{"line":200,"column":8},"end":{"line":200,"column":8}},{"start":{"line":200,"column":8},"end":{"line":200,"column":8}}]},"22":{"line":203,"type":"if","locations":[{"start":{"line":203,"column":8},"end":{"line":203,"column":8}},{"start":{"line":203,"column":8},"end":{"line":203,"column":8}}]},"23":{"line":264,"type":"if","locations":[{"start":{"line":264,"column":30},"end":{"line":264,"column":30}},{"start":{"line":264,"column":30},"end":{"line":264,"column":30}}]},"24":{"line":271,"type":"if","locations":[{"start":{"line":271,"column":32},"end":{"line":271,"column":32}},{"start":{"line":271,"column":32},"end":{"line":271,"column":32}}]},"25":{"line":278,"type":"if","locations":[{"start":{"line":278,"column":8},"end":{"line":278,"column":8}},{"start":{"line":278,"column":8},"end":{"line":278,"column":8}}]}}},"contracts/Remittance.sol":{"l":{"54":0,"55":0,"59":0,"63":0,"67":0,"68":0,"77":0,"78":0,"79":0,"81":0,"82":0,"84":0,"94":0,"106":0,"107":0,"110":0,"111":0,"114":0,"127":0,"128":0,"129":0,"130":0,"132":0,"135":0,"138":0,"139":0,"143":0,"149":0,"150":0,"154":0,"155":0,"157":0,"160":0,"162":0,"166":0,"167":0,"171":0,"172":0,"173":0,"180":0,"184":0,"185":0,"189":0,"209":0,"210":0,"235":0,"236":0,"245":0,"249":0,"250":0,"252":0,"253":0,"257":0,"261":0,"269":0,"270":0},"path":"/mnt/c/Users/user/Documents/Cyfrin/RemitXpress/contracts/contracts/Remittance.sol","s":{"1":0,"2":0,"3":0,"4":0,"5":0,"6":0,"7":0,"8":0,"9":0,"10":0,"11":0,"12":0,"13":0,"14":0,"15":0,"16":0,"17":0,"18":0,"19":0,"20":0,"21":0,"22":0,"23":0,"24":0,"25":0,"26":0,"27":0,"28":0,"29":0,"30":0,"31":0,"32":0,"33":0,"34":0,"35":0,"36":0,"37":0,"38":0,"39":0,"40":0,"41":0,"42":0},"b":{"1":[0,0],"2":[0,0],"3":[0,0],"4":[0,0],"5":[0,0],"6":[0,0],"7":[0,0],"8":[0,0],"9":[0,0],"10":[0,0],"11":[0,0],"12":[0,0],"13":[0,0],"14":[0,0],"15":[0,0],"16":[0,0],"17":[0,0],"18":[0,0],"19":[0,0],"20":[0,0],"21":[0,0],"22":[0,0],"23":[0,0],"24":[0,0],"25":[0,0],"26":[0,0],"27":[0,0],"28":[0,0],"29":[0,0],"30":[0,0],"31":[0,0],"32":[0,0],"33":[0,0],"34":[0,0],"35":[0,0]},"f":{"1":0,"2":0,"3":0,"4":0,"5":0,"6":0,"7":0,"8":0,"9":0,"10":0,"11":0,"12":0,"13":0,"14":0,"15":0,"16":0,"17":0,"18":0},"fnMap":{"1":{"name":"onlyVerified","line":53,"loc":{"start":{"line":53,"column":4},"end":{"line":56,"column":4}}},"2":{"name":"onlyAuthorized","line":58,"loc":{"start":{"line":58,"column":4},"end":{"line":64,"column":4}}},"3":{"name":"constructor","line":66,"loc":{"start":{"line":66,"column":4},"end":{"line":69,"column":4}}},"4":{"name":"createTransaction","line":76,"loc":{"start":{"line":71,"column":4},"end":{"line":122,"column":4}}},"5":{"name":"completeTransaction","line":126,"loc":{"start":{"line":124,"column":4},"end":{"line":144,"column":4}}},"6":{"name":"cancelTransaction","line":148,"loc":{"start":{"line":146,"column":4},"end":{"line":163,"column":4}}},"7":{"name":"verifyUser","line":165,"loc":{"start":{"line":165,"column":4},"end":{"line":168,"column":4}}},"8":{"name":"setFeeRate","line":170,"loc":{"start":{"line":170,"column":4},"end":{"line":174,"column":4}}},"9":{"name":"setAuthorizedOperator","line":179,"loc":{"start":{"line":176,"column":4},"end":{"line":181,"column":4}}},"10":{"name":"setFeeCollector","line":183,"loc":{"start":{"line":183,"column":4},"end":{"line":186,"column":4}}},"11":{"name":"calculateFee","line":188,"loc":{"start":{"line":188,"column":4},"end":{"line":190,"column":4}}},"12":{"name":"getTransaction","line":192,"loc":{"start":{"line":192,"column":4},"end":{"line":221,"column":4}}},"13":{"name":"getUserInfo","line":223,"loc":{"start":{"line":223,"column":4},"end":{"line":242,"column":4}}},"14":{"name":"getTransactionCount","line":244,"loc":{"start":{"line":244,"column":4},"end":{"line":246,"column":4}}},"15":{"name":"withdrawFees","line":248,"loc":{"start":{"line":248,"column":4},"end":{"line":254,"column":4}}},"16":{"name":"pause","line":256,"loc":{"start":{"line":256,"column":4},"end":{"line":258,"column":4}}},"17":{"name":"unpause","line":260,"loc":{"start":{"line":260,"column":4},"end":{"line":262,"column":4}}},"18":{"name":"emergencyWithdraw","line":268,"loc":{"start":{"line":265,"column":4},"end":{"line":275,"column":4}}}},"statementMap":{"1":{"start":{"line":54,"column":8},"end":{"line":54,"column":65}},"2":{"start":{"line":59,"column":8},"end":{"line":59,"column":1737}},"3":{"start":{"line":77,"column":8},"end":{"line":77,"column":61}},"4":{"start":{"line":78,"column":8},"end":{"line":78,"column":63}},"5":{"start":{"line":79,"column":8},"end":{"line":79,"column":60}},"6":{"start":{"line":81,"column":8},"end":{"line":81,"column":43}},"7":{"start":{"line":82,"column":8},"end":{"line":82,"column":75}},"8":{"start":{"line":84,"column":8},"end":{"line":84,"column":2569}},"9":{"start":{"line":106,"column":8},"end":{"line":106,"column":41}},"10":{"start":{"line":110,"column":8},"end":{"line":110,"column":3297}},"11":{"start":{"line":111,"column":12},"end":{"line":111,"column":46}},"12":{"start":{"line":114,"column":8},"end":{"line":114,"column":3381}},"13":{"start":{"line":127,"column":8},"end":{"line":127,"column":62}},"14":{"start":{"line":128,"column":8},"end":{"line":128,"column":70}},"15":{"start":{"line":129,"column":8},"end":{"line":129,"column":63}},"16":{"start":{"line":130,"column":8},"end":{"line":130,"column":55}},"17":{"start":{"line":135,"column":8},"end":{"line":135,"column":50}},"18":{"start":{"line":143,"column":8},"end":{"line":143,"column":49}},"19":{"start":{"line":149,"column":8},"end":{"line":149,"column":62}},"20":{"start":{"line":150,"column":8},"end":{"line":150,"column":4538}},"21":{"start":{"line":154,"column":8},"end":{"line":154,"column":63}},"22":{"start":{"line":155,"column":8},"end":{"line":155,"column":63}},"23":{"start":{"line":160,"column":8},"end":{"line":160,"column":47}},"24":{"start":{"line":162,"column":8},"end":{"line":162,"column":49}},"25":{"start":{"line":167,"column":8},"end":{"line":167,"column":32}},"26":{"start":{"line":171,"column":8},"end":{"line":171,"column":61}},"27":{"start":{"line":173,"column":8},"end":{"line":173,"column":37}},"28":{"start":{"line":184,"column":8},"end":{"line":184,"column":68}},"29":{"start":{"line":189,"column":8},"end":{"line":189,"column":46}},"30":{"start":{"line":209,"column":8},"end":{"line":209,"column":62}},"31":{"start":{"line":210,"column":8},"end":{"line":210,"column":6318}},"32":{"start":{"line":235,"column":8},"end":{"line":235,"column":40}},"33":{"start":{"line":236,"column":8},"end":{"line":236,"column":6872}},"34":{"start":{"line":245,"column":8},"end":{"line":245,"column":36}},"35":{"start":{"line":249,"column":8},"end":{"line":249,"column":47}},"36":{"start":{"line":250,"column":8},"end":{"line":250,"column":50}},"37":{"start":{"line":252,"column":8},"end":{"line":252,"column":46}},"38":{"start":{"line":253,"column":8},"end":{"line":253,"column":50}},"39":{"start":{"line":257,"column":8},"end":{"line":257,"column":15}},"40":{"start":{"line":261,"column":8},"end":{"line":261,"column":17}},"41":{"start":{"line":269,"column":8},"end":{"line":269,"column":7740}},"42":{"start":{"line":270,"column":12},"end":{"line":270,"column":45}}},"branchMap":{"1":{"line":54,"type":"if","locations":[{"start":{"line":54,"column":8},"end":{"line":54,"column":8}},{"start":{"line":54,"column":8},"end":{"line":54,"column":8}}]},"2":{"line":59,"type":"if","locations":[{"start":{"line":59,"column":8},"end":{"line":59,"column":8}},{"start":{"line":59,"column":8},"end":{"line":59,"column":8}}]},"3":{"line":60,"type":"cond-expr","locations":[{"start":{"line":60,"column":12},"end":{"line":60,"column":42}},{"start":{"line":60,"column":47},"end":{"line":60,"column":67}}]},"4":{"line":76,"type":"if","locations":[{"start":{"line":76,"column":23},"end":{"line":76,"column":23}},{"start":{"line":76,"column":23},"end":{"line":76,"column":23}}]},"5":{"line":76,"type":"if","locations":[{"start":{"line":76,"column":36},"end":{"line":76,"column":36}},{"start":{"line":76,"column":36},"end":{"line":76,"column":36}}]},"6":{"line":76,"type":"if","locations":[{"start":{"line":76,"column":50},"end":{"line":76,"column":50}},{"start":{"line":76,"column":50},"end":{"line":76,"column":50}}]},"7":{"line":77,"type":"if","locations":[{"start":{"line":77,"column":8},"end":{"line":77,"column":8}},{"start":{"line":77,"column":8},"end":{"line":77,"column":8}}]},"8":{"line":78,"type":"if","locations":[{"start":{"line":78,"column":8},"end":{"line":78,"column":8}},{"start":{"line":78,"column":8},"end":{"line":78,"column":8}}]},"9":{"line":79,"type":"if","locations":[{"start":{"line":79,"column":8},"end":{"line":79,"column":8}},{"start":{"line":79,"column":8},"end":{"line":79,"column":8}}]},"10":{"line":82,"type":"if","locations":[{"start":{"line":82,"column":8},"end":{"line":82,"column":8}},{"start":{"line":82,"column":8},"end":{"line":82,"column":8}}]},"11":{"line":110,"type":"if","locations":[{"start":{"line":110,"column":8},"end":{"line":110,"column":8}},{"start":{"line":110,"column":8},"end":{"line":110,"column":8}}]},"12":{"line":126,"type":"if","locations":[{"start":{"line":126,"column":15},"end":{"line":126,"column":15}},{"start":{"line":126,"column":15},"end":{"line":126,"column":15}}]},"13":{"line":126,"type":"if","locations":[{"start":{"line":126,"column":30},"end":{"line":126,"column":30}},{"start":{"line":126,"column":30},"end":{"line":126,"column":30}}]},"14":{"line":126,"type":"if","locations":[{"start":{"line":126,"column":44},"end":{"line":126,"column":44}},{"start":{"line":126,"column":44},"end":{"line":126,"column":44}}]},"15":{"line":128,"type":"if","locations":[{"start":{"line":128,"column":8},"end":{"line":128,"column":8}},{"start":{"line":128,"column":8},"end":{"line":128,"column":8}}]},"16":{"line":129,"type":"if","locations":[{"start":{"line":129,"column":8},"end":{"line":129,"column":8}},{"start":{"line":129,"column":8},"end":{"line":129,"column":8}}]},"17":{"line":130,"type":"if","locations":[{"start":{"line":130,"column":8},"end":{"line":130,"column":8}},{"start":{"line":130,"column":8},"end":{"line":130,"column":8}}]},"18":{"line":148,"type":"if","locations":[{"start":{"line":148,"column":15},"end":{"line":148,"column":15}},{"start":{"line":148,"column":15},"end":{"line":148,"column":15}}]},"19":{"line":148,"type":"if","locations":[{"start":{"line":148,"column":29},"end":{"line":148,"column":29}},{"start":{"line":148,"column":29},"end":{"line":148,"column":29}}]},"20":{"line":150,"type":"if","locations":[{"start":{"line":150,"column":8},"end":{"line":150,"column":8}},{"start":{"line":150,"column":8},"end":{"line":150,"column":8}}]},"21":{"line":151,"type":"cond-expr","locations":[{"start":{"line":151,"column":12},"end":{"line":151,"column":35}},{"start":{"line":151,"column":40},"end":{"line":151,"column":70}}]},"22":{"line":154,"type":"if","locations":[{"start":{"line":154,"column":8},"end":{"line":154,"column":8}},{"start":{"line":154,"column":8},"end":{"line":154,"column":8}}]},"23":{"line":155,"type":"if","locations":[{"start":{"line":155,"column":8},"end":{"line":155,"column":8}},{"start":{"line":155,"column":8},"end":{"line":155,"column":8}}]},"24":{"line":165,"type":"if","locations":[{"start":{"line":165,"column":48},"end":{"line":165,"column":48}},{"start":{"line":165,"column":48},"end":{"line":165,"column":48}}]},"25":{"line":170,"type":"if","locations":[{"start":{"line":170,"column":51},"end":{"line":170,"column":51}},{"start":{"line":170,"column":51},"end":{"line":170,"column":51}}]},"26":{"line":171,"type":"if","locations":[{"start":{"line":171,"column":8},"end":{"line":171,"column":8}},{"start":{"line":171,"column":8},"end":{"line":171,"column":8}}]},"27":{"line":179,"type":"if","locations":[{"start":{"line":179,"column":15},"end":{"line":179,"column":15}},{"start":{"line":179,"column":15},"end":{"line":179,"column":15}}]},"28":{"line":183,"type":"if","locations":[{"start":{"line":183,"column":61},"end":{"line":183,"column":61}},{"start":{"line":183,"column":61},"end":{"line":183,"column":61}}]},"29":{"line":184,"type":"if","locations":[{"start":{"line":184,"column":8},"end":{"line":184,"column":8}},{"start":{"line":184,"column":8},"end":{"line":184,"column":8}}]},"30":{"line":248,"type":"if","locations":[{"start":{"line":248,"column":37},"end":{"line":248,"column":37}},{"start":{"line":248,"column":37},"end":{"line":248,"column":37}}]},"31":{"line":250,"type":"if","locations":[{"start":{"line":250,"column":8},"end":{"line":250,"column":8}},{"start":{"line":250,"column":8},"end":{"line":250,"column":8}}]},"32":{"line":256,"type":"if","locations":[{"start":{"line":256,"column":30},"end":{"line":256,"column":30}},{"start":{"line":256,"column":30},"end":{"line":256,"column":30}}]},"33":{"line":260,"type":"if","locations":[{"start":{"line":260,"column":32},"end":{"line":260,"column":32}},{"start":{"line":260,"column":32},"end":{"line":260,"column":32}}]},"34":{"line":268,"type":"if","locations":[{"start":{"line":268,"column":15},"end":{"line":268,"column":15}},{"start":{"line":268,"column":15},"end":{"line":268,"column":15}}]},"35":{"line":269,"type":"if","locations":[{"start":{"line":269,"column":8},"end":{"line":269,"column":8}},{"start":{"line":269,"column":8},"end":{"line":269,"column":8}}]}}},"contracts/RemitXpressOptimized.sol":{"l":{"72":19,"73":18,"77":14,"78":2,"80":12,"84":29,"85":28,"112":2,"113":1,"114":1,"130":17,"131":16,"133":15,"134":15,"136":15,"139":14,"150":14,"159":14,"162":14,"163":14,"164":14,"168":14,"169":14,"170":14,"174":14,"175":14,"176":1,"177":1,"180":14,"196":7,"198":7,"199":6,"200":5,"202":5,"205":5,"206":5,"208":5,"209":5,"210":5,"214":5,"215":0,"219":5,"220":5,"222":5,"232":4,"234":4,"235":1,"237":3,"238":3,"239":2,"241":2,"244":2,"245":2,"247":2,"259":3,"260":3,"261":3,"262":3,"264":3,"274":2,"275":2,"276":15,"277":15,"278":15,"279":15,"281":15,"282":15,"283":15,"293":2,"294":1,"295":1,"307":2,"315":2,"316":1,"324":3,"325":3,"338":31,"339":31,"351":2,"362":8,"370":2,"381":9,"392":2,"393":2,"395":1,"396":1},"path":"/mnt/c/Users/user/Documents/Cyfrin/RemitXpress/contracts/contracts/RemitXpressOptimized.sol","s":{"1":19,"2":14,"3":29,"4":2,"5":17,"6":16,"7":15,"8":15,"9":15,"10":14,"11":14,"12":14,"13":14,"14":14,"15":14,"16":14,"17":14,"18":1,"19":1,"20":14,"21":7,"22":7,"23":6,"24":5,"25":5,"26":5,"27":5,"28":5,"29":5,"30":5,"31":4,"32":4,"33":3,"34":3,"35":2,"36":2,"37":2,"38":2,"39":3,"40":3,"41":3,"42":2,"43":2,"44":15,"45":15,"46":15,"47":2,"48":1,"49":2,"50":3,"51":2,"52":2,"53":1,"54":1},"b":{"1":[1,18],"2":[2,12],"3":[1,28],"4":[1,1],"5":[18,1],"6":[17,1],"7":[17,0],"8":[1,16],"9":[1,15],"10":[1,14],"11":[14,0],"12":[0,14],"13":[1,13],"14":[0,1],"15":[7,1],"16":[7,0],"17":[7,0],"18":[1,6],"19":[1,5],"20":[0,5],"21":[0,5],"22":[0,5],"23":[4,0],"24":[4,0],"25":[1,3],"26":[0,3],"27":[1,2],"28":[0,2],"29":[0,2],"30":[3,1],"31":[3,0],"32":[2,0],"33":[15,0],"34":[2,1],"35":[1,1],"36":[2,0],"37":[2,0],"38":[1,1],"39":[3,0],"40":[2,0],"41":[1,1],"42":[0,1]},"f":{"1":19,"2":14,"3":29,"4":2,"5":17,"6":7,"7":4,"8":3,"9":2,"10":2,"11":2,"12":2,"13":3,"14":31,"15":2,"16":8,"17":2,"18":9,"19":2},"fnMap":{"1":{"name":"onlyVerified","line":71,"loc":{"start":{"line":71,"column":4},"end":{"line":74,"column":4}}},"2":{"name":"onlyAuthorized","line":76,"loc":{"start":{"line":76,"column":4},"end":{"line":81,"column":4}}},"3":{"name":"whenNotPaused","line":83,"loc":{"start":{"line":83,"column":4},"end":{"line":86,"column":4}}},"4":{"name":"constructor","line":111,"loc":{"start":{"line":111,"column":4},"end":{"line":115,"column":4}}},"5":{"name":"createTransaction","line":129,"loc":{"start":{"line":126,"column":4},"end":{"line":187,"column":4}}},"6":{"name":"completeTransaction","line":195,"loc":{"start":{"line":193,"column":4},"end":{"line":223,"column":4}}},"7":{"name":"cancelTransaction","line":231,"loc":{"start":{"line":229,"column":4},"end":{"line":248,"column":4}}},"8":{"name":"verifyUser","line":258,"loc":{"start":{"line":258,"column":4},"end":{"line":265,"column":4}}},"9":{"name":"batchVerifyUsers","line":273,"loc":{"start":{"line":271,"column":4},"end":{"line":286,"column":4}}},"10":{"name":"setFeeRate","line":292,"loc":{"start":{"line":292,"column":4},"end":{"line":296,"column":4}}},"11":{"name":"setAuthorizedOperator","line":306,"loc":{"start":{"line":303,"column":4},"end":{"line":308,"column":4}}},"12":{"name":"setFeeCollector","line":314,"loc":{"start":{"line":314,"column":4},"end":{"line":317,"column":4}}},"13":{"name":"setPaused","line":323,"loc":{"start":{"line":323,"column":4},"end":{"line":326,"column":4}}},"14":{"name":"calculateFee","line":337,"loc":{"start":{"line":337,"column":4},"end":{"line":341,"column":4}}},"15":{"name":"getTransaction","line":348,"loc":{"start":{"line":348,"column":4},"end":{"line":352,"column":4}}},"16":{"name":"getUserInfo","line":359,"loc":{"start":{"line":359,"column":4},"end":{"line":363,"column":4}}},"17":{"name":"getTransactionCount","line":369,"loc":{"start":{"line":369,"column":4},"end":{"line":371,"column":4}}},"18":{"name":"getTransactionId","line":378,"loc":{"start":{"line":378,"column":4},"end":{"line":382,"column":4}}},"19":{"name":"emergencyWithdraw","line":391,"loc":{"start":{"line":391,"column":4},"end":{"line":397,"column":4}}}},"statementMap":{"1":{"start":{"line":72,"column":8},"end":{"line":72,"column":67}},"2":{"start":{"line":77,"column":8},"end":{"line":77,"column":2731}},"3":{"start":{"line":84,"column":8},"end":{"line":84,"column":45}},"4":{"start":{"line":112,"column":8},"end":{"line":112,"column":69}},"5":{"start":{"line":130,"column":8},"end":{"line":130,"column":63}},"6":{"start":{"line":131,"column":8},"end":{"line":131,"column":48}},"7":{"start":{"line":133,"column":8},"end":{"line":133,"column":43}},"8":{"start":{"line":134,"column":8},"end":{"line":134,"column":54}},"9":{"start":{"line":136,"column":8},"end":{"line":136,"column":67}},"10":{"start":{"line":139,"column":8},"end":{"line":139,"column":4837}},"11":{"start":{"line":159,"column":8},"end":{"line":159,"column":42}},"12":{"start":{"line":162,"column":8},"end":{"line":162,"column":53}},"13":{"start":{"line":168,"column":8},"end":{"line":168,"column":5674}},"14":{"start":{"line":169,"column":12},"end":{"line":169,"column":64}},"15":{"start":{"line":170,"column":12},"end":{"line":170,"column":49}},"16":{"start":{"line":174,"column":8},"end":{"line":174,"column":50}},"17":{"start":{"line":175,"column":8},"end":{"line":175,"column":5910}},"18":{"start":{"line":176,"column":12},"end":{"line":176,"column":65}},"19":{"start":{"line":177,"column":12},"end":{"line":177,"column":49}},"20":{"start":{"line":180,"column":8},"end":{"line":180,"column":6066}},"21":{"start":{"line":196,"column":8},"end":{"line":196,"column":62}},"22":{"start":{"line":198,"column":8},"end":{"line":198,"column":66}},"23":{"start":{"line":199,"column":8},"end":{"line":199,"column":65}},"24":{"start":{"line":200,"column":8},"end":{"line":200,"column":60}},"25":{"start":{"line":205,"column":8},"end":{"line":205,"column":55}},"26":{"start":{"line":206,"column":8},"end":{"line":206,"column":61}},"27":{"start":{"line":214,"column":8},"end":{"line":214,"column":7141}},"28":{"start":{"line":219,"column":8},"end":{"line":219,"column":68}},"29":{"start":{"line":220,"column":8},"end":{"line":220,"column":45}},"30":{"start":{"line":222,"column":8},"end":{"line":222,"column":49}},"31":{"start":{"line":232,"column":8},"end":{"line":232,"column":62}},"32":{"start":{"line":234,"column":8},"end":{"line":234,"column":7753}},"33":{"start":{"line":237,"column":8},"end":{"line":237,"column":66}},"34":{"start":{"line":238,"column":8},"end":{"line":238,"column":65}},"35":{"start":{"line":239,"column":8},"end":{"line":239,"column":65}},"36":{"start":{"line":244,"column":8},"end":{"line":244,"column":65}},"37":{"start":{"line":245,"column":8},"end":{"line":245,"column":45}},"38":{"start":{"line":247,"column":8},"end":{"line":247,"column":49}},"39":{"start":{"line":259,"column":8},"end":{"line":259,"column":48}},"40":{"start":{"line":261,"column":8},"end":{"line":261,"column":8784}},"41":{"start":{"line":264,"column":8},"end":{"line":264,"column":32}},"42":{"start":{"line":274,"column":8},"end":{"line":274,"column":38}},"43":{"start":{"line":275,"column":8},"end":{"line":275,"column":9162}},"44":{"start":{"line":276,"column":12},"end":{"line":276,"column":56}},"45":{"start":{"line":278,"column":12},"end":{"line":278,"column":9308}},"46":{"start":{"line":281,"column":12},"end":{"line":281,"column":40}},"47":{"start":{"line":293,"column":8},"end":{"line":293,"column":60}},"48":{"start":{"line":295,"column":8},"end":{"line":295,"column":37}},"49":{"start":{"line":315,"column":8},"end":{"line":315,"column":69}},"50":{"start":{"line":325,"column":8},"end":{"line":325,"column":36}},"51":{"start":{"line":392,"column":8},"end":{"line":392,"column":47}},"52":{"start":{"line":393,"column":8},"end":{"line":393,"column":51}},"53":{"start":{"line":395,"column":8},"end":{"line":395,"column":59}},"54":{"start":{"line":396,"column":8},"end":{"line":396,"column":45}}},"branchMap":{"1":{"line":72,"type":"if","locations":[{"start":{"line":72,"column":8},"end":{"line":72,"column":8}},{"start":{"line":72,"column":8},"end":{"line":72,"column":8}}]},"2":{"line":77,"type":"if","locations":[{"start":{"line":77,"column":8},"end":{"line":77,"column":8}},{"start":{"line":77,"column":8},"end":{"line":77,"column":8}}]},"3":{"line":84,"type":"if","locations":[{"start":{"line":84,"column":8},"end":{"line":84,"column":8}},{"start":{"line":84,"column":8},"end":{"line":84,"column":8}}]},"4":{"line":112,"type":"if","locations":[{"start":{"line":112,"column":8},"end":{"line":112,"column":8}},{"start":{"line":112,"column":8},"end":{"line":112,"column":8}}]},"5":{"line":129,"type":"if","locations":[{"start":{"line":129,"column":23},"end":{"line":129,"column":23}},{"start":{"line":129,"column":23},"end":{"line":129,"column":23}}]},"6":{"line":129,"type":"if","locations":[{"start":{"line":129,"column":36},"end":{"line":129,"column":36}},{"start":{"line":129,"column":36},"end":{"line":129,"column":36}}]},"7":{"line":129,"type":"if","locations":[{"start":{"line":129,"column":50},"end":{"line":129,"column":50}},{"start":{"line":129,"column":50},"end":{"line":129,"column":50}}]},"8":{"line":130,"type":"if","locations":[{"start":{"line":130,"column":8},"end":{"line":130,"column":8}},{"start":{"line":130,"column":8},"end":{"line":130,"column":8}}]},"9":{"line":131,"type":"if","locations":[{"start":{"line":131,"column":8},"end":{"line":131,"column":8}},{"start":{"line":131,"column":8},"end":{"line":131,"column":8}}]},"10":{"line":136,"type":"if","locations":[{"start":{"line":136,"column":8},"end":{"line":136,"column":8}},{"start":{"line":136,"column":8},"end":{"line":136,"column":8}}]},"11":{"line":168,"type":"if","locations":[{"start":{"line":168,"column":8},"end":{"line":168,"column":8}},{"start":{"line":168,"column":8},"end":{"line":168,"column":8}}]},"12":{"line":170,"type":"if","locations":[{"start":{"line":170,"column":12},"end":{"line":170,"column":12}},{"start":{"line":170,"column":12},"end":{"line":170,"column":12}}]},"13":{"line":175,"type":"if","locations":[{"start":{"line":175,"column":8},"end":{"line":175,"column":8}},{"start":{"line":175,"column":8},"end":{"line":175,"column":8}}]},"14":{"line":177,"type":"if","locations":[{"start":{"line":177,"column":12},"end":{"line":177,"column":12}},{"start":{"line":177,"column":12},"end":{"line":177,"column":12}}]},"15":{"line":195,"type":"if","locations":[{"start":{"line":195,"column":15},"end":{"line":195,"column":15}},{"start":{"line":195,"column":15},"end":{"line":195,"column":15}}]},"16":{"line":195,"type":"if","locations":[{"start":{"line":195,"column":30},"end":{"line":195,"column":30}},{"start":{"line":195,"column":30},"end":{"line":195,"column":30}}]},"17":{"line":195,"type":"if","locations":[{"start":{"line":195,"column":44},"end":{"line":195,"column":44}},{"start":{"line":195,"column":44},"end":{"line":195,"column":44}}]},"18":{"line":198,"type":"if","locations":[{"start":{"line":198,"column":8},"end":{"line":198,"column":8}},{"start":{"line":198,"column":8},"end":{"line":198,"column":8}}]},"19":{"line":199,"type":"if","locations":[{"start":{"line":199,"column":8},"end":{"line":199,"column":8}},{"start":{"line":199,"column":8},"end":{"line":199,"column":8}}]},"20":{"line":200,"type":"if","locations":[{"start":{"line":200,"column":8},"end":{"line":200,"column":8}},{"start":{"line":200,"column":8},"end":{"line":200,"column":8}}]},"21":{"line":214,"type":"if","locations":[{"start":{"line":214,"column":8},"end":{"line":214,"column":8}},{"start":{"line":214,"column":8},"end":{"line":214,"column":8}}]},"22":{"line":220,"type":"if","locations":[{"start":{"line":220,"column":8},"end":{"line":220,"column":8}},{"start":{"line":220,"column":8},"end":{"line":220,"column":8}}]},"23":{"line":231,"type":"if","locations":[{"start":{"line":231,"column":15},"end":{"line":231,"column":15}},{"start":{"line":231,"column":15},"end":{"line":231,"column":15}}]},"24":{"line":231,"type":"if","locations":[{"start":{"line":231,"column":29},"end":{"line":231,"column":29}},{"start":{"line":231,"column":29},"end":{"line":231,"column":29}}]},"25":{"line":234,"type":"if","locations":[{"start":{"line":234,"column":8},"end":{"line":234,"column":8}},{"start":{"line":234,"column":8},"end":{"line":234,"column":8}}]},"26":{"line":237,"type":"if","locations":[{"start":{"line":237,"column":8},"end":{"line":237,"column":8}},{"start":{"line":237,"column":8},"end":{"line":237,"column":8}}]},"27":{"line":238,"type":"if","locations":[{"start":{"line":238,"column":8},"end":{"line":238,"column":8}},{"start":{"line":238,"column":8},"end":{"line":238,"column":8}}]},"28":{"line":239,"type":"if","locations":[{"start":{"line":239,"column":8},"end":{"line":239,"column":8}},{"start":{"line":239,"column":8},"end":{"line":239,"column":8}}]},"29":{"line":245,"type":"if","locations":[{"start":{"line":245,"column":8},"end":{"line":245,"column":8}},{"start":{"line":245,"column":8},"end":{"line":245,"column":8}}]},"30":{"line":258,"type":"if","locations":[{"start":{"line":258,"column":48},"end":{"line":258,"column":48}},{"start":{"line":258,"column":48},"end":{"line":258,"column":48}}]},"31":{"line":261,"type":"if","locations":[{"start":{"line":261,"column":8},"end":{"line":261,"column":8}},{"start":{"line":261,"column":8},"end":{"line":261,"column":8}}]},"32":{"line":273,"type":"if","locations":[{"start":{"line":273,"column":15},"end":{"line":273,"column":15}},{"start":{"line":273,"column":15},"end":{"line":273,"column":15}}]},"33":{"line":278,"type":"if","locations":[{"start":{"line":278,"column":12},"end":{"line":278,"column":12}},{"start":{"line":278,"column":12},"end":{"line":278,"column":12}}]},"34":{"line":292,"type":"if","locations":[{"start":{"line":292,"column":50},"end":{"line":292,"column":50}},{"start":{"line":292,"column":50},"end":{"line":292,"column":50}}]},"35":{"line":293,"type":"if","locations":[{"start":{"line":293,"column":8},"end":{"line":293,"column":8}},{"start":{"line":293,"column":8},"end":{"line":293,"column":8}}]},"36":{"line":306,"type":"if","locations":[{"start":{"line":306,"column":15},"end":{"line":306,"column":15}},{"start":{"line":306,"column":15},"end":{"line":306,"column":15}}]},"37":{"line":314,"type":"if","locations":[{"start":{"line":314,"column":61},"end":{"line":314,"column":61}},{"start":{"line":314,"column":61},"end":{"line":314,"column":61}}]},"38":{"line":315,"type":"if","locations":[{"start":{"line":315,"column":8},"end":{"line":315,"column":8}},{"start":{"line":315,"column":8},"end":{"line":315,"column":8}}]},"39":{"line":323,"type":"if","locations":[{"start":{"line":323,"column":46},"end":{"line":323,"column":46}},{"start":{"line":323,"column":46},"end":{"line":323,"column":46}}]},"40":{"line":391,"type":"if","locations":[{"start":{"line":391,"column":42},"end":{"line":391,"column":42}},{"start":{"line":391,"column":42},"end":{"line":391,"column":42}}]},"41":{"line":393,"type":"if","locations":[{"start":{"line":393,"column":8},"end":{"line":393,"column":8}},{"start":{"line":393,"column":8},"end":{"line":393,"column":8}}]},"42":{"line":396,"type":"if","locations":[{"start":{"line":396,"column":8},"end":{"line":396,"column":8}},{"start":{"line":396,"column":8},"end":{"line":396,"column":8}}]}}},"contracts/utils/libraries.sol":{"l":{"23":0,"26":0,"29":0,"32":0,"33":0,"36":0,"37":0,"40":0,"51":0,"64":0,"74":0,"85":0,"102":0,"103":0,"107":0,"117":0,"119":0,"120":0,"121":0,"123":0,"129":0,"138":0,"155":0,"178":0,"179":0,"183":0,"184":0,"187":0,"209":0,"212":0,"213":0,"217":0,"218":0,"219":0,"223":0,"234":0,"235":0,"238":0,"239":0,"241":0,"252":0,"253":0,"254":0,"294":0,"297":0,"299":0,"302":0,"306":0,"307":0,"311":0,"312":0,"315":0,"317":0,"321":0,"322":0,"323":0,"324":0,"335":0,"338":0,"348":0},"path":"/mnt/c/Users/user/Documents/Cyfrin/RemitXpress/contracts/contracts/utils/libraries.sol","s":{"1":0,"2":0,"3":0,"4":0,"5":0,"6":0,"7":0,"8":0,"9":0,"10":0,"11":0,"12":0,"13":0,"14":0,"15":0,"16":0,"17":0,"18":0,"19":0,"20":0,"21":0,"22":0,"23":0,"24":0,"25":0,"26":0,"27":0,"28":0,"29":0,"30":0,"31":0,"32":0,"33":0,"34":0,"35":0,"36":0,"37":0,"38":0,"39":0,"40":0,"41":0,"42":0,"43":0,"44":0,"45":0,"46":0,"47":0,"48":0,"49":0,"50":0,"51":0,"52":0,"53":0,"54":0},"b":{"1":[0,0],"2":[0,0],"3":[0,0],"4":[0,0],"5":[0,0],"6":[0,0],"7":[0,0],"8":[0,0],"9":[0,0],"10":[0,0],"11":[0,0],"12":[0,0],"13":[0,0],"14":[0,0],"15":[0,0],"16":[0,0],"17":[0,0],"18":[0,0],"19":[0,0],"20":[0,0],"21":[0,0],"22":[0,0]},"f":{"1":0,"2":0,"3":0,"4":0,"5":0,"6":0,"7":0,"8":0,"9":0,"10":0,"11":0,"12":0,"13":0,"14":0,"15":0,"16":0},"fnMap":{"1":{"name":"calculateFee","line":19,"loc":{"start":{"line":19,"column":4},"end":{"line":41,"column":4}}},"2":{"name":"validateAmount","line":46,"loc":{"start":{"line":46,"column":4},"end":{"line":52,"column":4}}},"3":{"name":"generateTransactionId","line":57,"loc":{"start":{"line":57,"column":4},"end":{"line":68,"column":4}}},"4":{"name":"isValidAddress","line":73,"loc":{"start":{"line":73,"column":4},"end":{"line":75,"column":4}}},"5":{"name":"checkRateLimit","line":80,"loc":{"start":{"line":80,"column":4},"end":{"line":86,"column":4}}},"6":{"name":"verifySignature","line":97,"loc":{"start":{"line":97,"column":4},"end":{"line":108,"column":4}}},"7":{"name":"recoverSigner","line":113,"loc":{"start":{"line":113,"column":4},"end":{"line":130,"column":4}}},"8":{"name":"getEthSignedMessageHash","line":135,"loc":{"start":{"line":135,"column":4},"end":{"line":145,"column":4}}},"9":{"name":"generateSecureRandom","line":150,"loc":{"start":{"line":150,"column":4},"end":{"line":166,"column":4}}},"10":{"name":"isSuspiciousAmount","line":171,"loc":{"start":{"line":171,"column":4},"end":{"line":188,"column":4}}},"11":{"name":"isValidCurrencyCode","line":206,"loc":{"start":{"line":206,"column":4},"end":{"line":224,"column":4}}},"12":{"name":"convertDecimals","line":229,"loc":{"start":{"line":229,"column":4},"end":{"line":243,"column":4}}},"13":{"name":"formatAmount","line":248,"loc":{"start":{"line":248,"column":4},"end":{"line":255,"column":4}}},"14":{"name":"calculateRiskScore","line":287,"loc":{"start":{"line":287,"column":4},"end":{"line":325,"column":4}}},"15":{"name":"isHighRiskCountry","line":330,"loc":{"start":{"line":330,"column":4},"end":{"line":340,"column":4}}},"16":{"name":"validateKYCHash","line":345,"loc":{"start":{"line":345,"column":4},"end":{"line":349,"column":4}}}},"statementMap":{"1":{"start":{"line":23,"column":8},"end":{"line":23,"column":59}},"2":{"start":{"line":26,"column":8},"end":{"line":26,"column":77}},"3":{"start":{"line":29,"column":8},"end":{"line":29,"column":63}},"4":{"start":{"line":32,"column":8},"end":{"line":32,"column":1005}},"5":{"start":{"line":36,"column":8},"end":{"line":36,"column":1114}},"6":{"start":{"line":40,"column":8},"end":{"line":40,"column":23}},"7":{"start":{"line":51,"column":8},"end":{"line":51,"column":77}},"8":{"start":{"line":64,"column":8},"end":{"line":64,"column":1835}},"9":{"start":{"line":74,"column":8},"end":{"line":74,"column":33}},"10":{"start":{"line":85,"column":8},"end":{"line":85,"column":67}},"11":{"start":{"line":102,"column":8},"end":{"line":102,"column":75}},"12":{"start":{"line":103,"column":8},"end":{"line":103,"column":2871}},"13":{"start":{"line":107,"column":8},"end":{"line":107,"column":48}},"14":{"start":{"line":117,"column":8},"end":{"line":117,"column":66}},"15":{"start":{"line":119,"column":8},"end":{"line":119,"column":17}},"16":{"start":{"line":120,"column":8},"end":{"line":120,"column":17}},"17":{"start":{"line":121,"column":8},"end":{"line":121,"column":15}},"18":{"start":{"line":129,"column":8},"end":{"line":129,"column":55}},"19":{"start":{"line":138,"column":8},"end":{"line":138,"column":3768}},"20":{"start":{"line":155,"column":8},"end":{"line":155,"column":4187}},"21":{"start":{"line":178,"column":8},"end":{"line":178,"column":4810}},"22":{"start":{"line":179,"column":12},"end":{"line":179,"column":23}},"23":{"start":{"line":183,"column":8},"end":{"line":183,"column":4936}},"24":{"start":{"line":184,"column":12},"end":{"line":184,"column":23}},"25":{"start":{"line":187,"column":8},"end":{"line":187,"column":20}},"26":{"start":{"line":209,"column":8},"end":{"line":209,"column":44}},"27":{"start":{"line":212,"column":8},"end":{"line":212,"column":5662}},"28":{"start":{"line":213,"column":12},"end":{"line":213,"column":24}},"29":{"start":{"line":217,"column":8},"end":{"line":217,"column":5793}},"30":{"start":{"line":218,"column":12},"end":{"line":218,"column":5840}},"31":{"start":{"line":219,"column":16},"end":{"line":219,"column":28}},"32":{"start":{"line":223,"column":8},"end":{"line":223,"column":19}},"33":{"start":{"line":234,"column":8},"end":{"line":234,"column":6204}},"34":{"start":{"line":235,"column":12},"end":{"line":235,"column":25}},"35":{"start":{"line":238,"column":8},"end":{"line":238,"column":6284}},"36":{"start":{"line":239,"column":12},"end":{"line":239,"column":63}},"37":{"start":{"line":241,"column":12},"end":{"line":241,"column":63}},"38":{"start":{"line":252,"column":8},"end":{"line":252,"column":40}},"39":{"start":{"line":294,"column":8},"end":{"line":294,"column":25}},"40":{"start":{"line":297,"column":8},"end":{"line":297,"column":7707}},"41":{"start":{"line":300,"column":15},"end":{"line":300,"column":7801}},"42":{"start":{"line":306,"column":8},"end":{"line":306,"column":7974}},"43":{"start":{"line":311,"column":8},"end":{"line":311,"column":8118}},"44":{"start":{"line":315,"column":8},"end":{"line":315,"column":8206}},"45":{"start":{"line":321,"column":8},"end":{"line":321,"column":50}},"46":{"start":{"line":321,"column":25},"end":{"line":321,"column":50}},"47":{"start":{"line":322,"column":8},"end":{"line":322,"column":46}},"48":{"start":{"line":322,"column":25},"end":{"line":322,"column":46}},"49":{"start":{"line":323,"column":8},"end":{"line":323,"column":48}},"50":{"start":{"line":323,"column":25},"end":{"line":323,"column":48}},"51":{"start":{"line":324,"column":8},"end":{"line":324,"column":28}},"52":{"start":{"line":335,"column":8},"end":{"line":335,"column":55}},"53":{"start":{"line":338,"column":8},"end":{"line":338,"column":9032}},"54":{"start":{"line":348,"column":8},"end":{"line":348,"column":41}}},"branchMap":{"1":{"line":23,"type":"if","locations":[{"start":{"line":23,"column":8},"end":{"line":23,"column":8}},{"start":{"line":23,"column":8},"end":{"line":23,"column":8}}]},"2":{"line":32,"type":"if","locations":[{"start":{"line":32,"column":8},"end":{"line":32,"column":8}},{"start":{"line":32,"column":8},"end":{"line":32,"column":8}}]},"3":{"line":36,"type":"if","locations":[{"start":{"line":36,"column":8},"end":{"line":36,"column":8}},{"start":{"line":36,"column":8},"end":{"line":36,"column":8}}]},"4":{"line":51,"type":"cond-expr","locations":[{"start":{"line":51,"column":39},"end":{"line":51,"column":52}},{"start":{"line":51,"column":57},"end":{"line":51,"column":75}}]},"5":{"line":117,"type":"if","locations":[{"start":{"line":117,"column":8},"end":{"line":117,"column":8}},{"start":{"line":117,"column":8},"end":{"line":117,"column":8}}]},"6":{"line":178,"type":"if","locations":[{"start":{"line":178,"column":8},"end":{"line":178,"column":8}},{"start":{"line":178,"column":8},"end":{"line":178,"column":8}}]},"7":{"line":183,"type":"if","locations":[{"start":{"line":183,"column":8},"end":{"line":183,"column":8}},{"start":{"line":183,"column":8},"end":{"line":183,"column":8}}]},"8":{"line":212,"type":"if","locations":[{"start":{"line":212,"column":8},"end":{"line":212,"column":8}},{"start":{"line":212,"column":8},"end":{"line":212,"column":8}}]},"9":{"line":218,"type":"if","locations":[{"start":{"line":218,"column":12},"end":{"line":218,"column":12}},{"start":{"line":218,"column":12},"end":{"line":218,"column":12}}]},"10":{"line":218,"type":"cond-expr","locations":[{"start":{"line":218,"column":16},"end":{"line":218,"column":34}},{"start":{"line":218,"column":39},"end":{"line":218,"column":57}}]},"11":{"line":234,"type":"if","locations":[{"start":{"line":234,"column":8},"end":{"line":234,"column":8}},{"start":{"line":234,"column":8},"end":{"line":234,"column":8}}]},"12":{"line":238,"type":"if","locations":[{"start":{"line":238,"column":8},"end":{"line":238,"column":8}},{"start":{"line":238,"column":8},"end":{"line":238,"column":8}}]},"13":{"line":297,"type":"if","locations":[{"start":{"line":297,"column":8},"end":{"line":297,"column":8}},{"start":{"line":297,"column":8},"end":{"line":297,"column":8}}]},"14":{"line":300,"type":"if","locations":[{"start":{"line":300,"column":15},"end":{"line":300,"column":15}},{"start":{"line":300,"column":15},"end":{"line":300,"column":15}}]},"15":{"line":306,"type":"if","locations":[{"start":{"line":306,"column":8},"end":{"line":306,"column":8}},{"start":{"line":306,"column":8},"end":{"line":306,"column":8}}]},"16":{"line":306,"type":"cond-expr","locations":[{"start":{"line":306,"column":12},"end":{"line":306,"column":41}},{"start":{"line":306,"column":46},"end":{"line":306,"column":73}}]},"17":{"line":311,"type":"if","locations":[{"start":{"line":311,"column":8},"end":{"line":311,"column":8}},{"start":{"line":311,"column":8},"end":{"line":311,"column":8}}]},"18":{"line":315,"type":"if","locations":[{"start":{"line":315,"column":8},"end":{"line":315,"column":8}},{"start":{"line":315,"column":8},"end":{"line":315,"column":8}}]},"19":{"line":321,"type":"if","locations":[{"start":{"line":321,"column":8},"end":{"line":321,"column":8}},{"start":{"line":321,"column":8},"end":{"line":321,"column":8}}]},"20":{"line":322,"type":"if","locations":[{"start":{"line":322,"column":8},"end":{"line":322,"column":8}},{"start":{"line":322,"column":8},"end":{"line":322,"column":8}}]},"21":{"line":323,"type":"if","locations":[{"start":{"line":323,"column":8},"end":{"line":323,"column":8}},{"start":{"line":323,"column":8},"end":{"line":323,"column":8}}]},"22":{"line":338,"type":"cond-expr","locations":[{"start":{"line":338,"column":16},"end":{"line":338,"column":57}},{"start":{"line":339,"column":12},"end":{"line":339,"column":56}}]}}}}